<?xml version="1.0" encoding="UTF-8"?>
<testsuite xmlns:xsi="http://www.w3.org/2001/XMLSchema-instance" xsi:noNamespaceSchemaLocation="https://maven.apache.org/surefire/maven-surefire-plugin/xsd/surefire-test-report.xsd" version="3.0.2" name="com.example.springhelloworld.SpringHelloworldApplicationTests" time="1.183" tests="1" errors="0" skipped="0" failures="0">
  <properties>
    <property name="java.specification.version" value="22"/>
    <property name="sun.jnu.encoding" value="UTF-8"/>
    <property name="java.class.path" value="/Users/mxzhangxuejian/code/personal/spring-helloworld/target/test-classes:/Users/mxzhangxuejian/code/personal/spring-helloworld/target/classes:/Users/mxzhangxuejian/.m2/repository/org/springframework/boot/spring-boot-starter-web/3.4.0-SNAPSHOT/spring-boot-starter-web-3.4.0-SNAPSHOT.jar:/Users/mxzhangxuejian/.m2/repository/org/springframework/boot/spring-boot-starter/3.4.0-SNAPSHOT/spring-boot-starter-3.4.0-SNAPSHOT.jar:/Users/mxzhangxuejian/.m2/repository/org/springframework/boot/spring-boot/3.4.0-SNAPSHOT/spring-boot-3.4.0-SNAPSHOT.jar:/Users/mxzhangxuejian/.m2/repository/org/springframework/boot/spring-boot-autoconfigure/3.4.0-SNAPSHOT/spring-boot-autoconfigure-3.4.0-SNAPSHOT.jar:/Users/mxzhangxuejian/.m2/repository/org/springframework/boot/spring-boot-starter-logging/3.4.0-SNAPSHOT/spring-boot-starter-logging-3.4.0-SNAPSHOT.jar:/Users/mxzhangxuejian/.m2/repository/ch/qos/logback/logback-classic/1.5.7/logback-classic-1.5.7.jar:/Users/mxzhangxuejian/.m2/repository/ch/qos/logback/logback-core/1.5.7/logback-core-1.5.7.jar:/Users/mxzhangxuejian/.m2/repository/org/apache/logging/log4j/log4j-to-slf4j/2.23.1/log4j-to-slf4j-2.23.1.jar:/Users/mxzhangxuejian/.m2/repository/org/apache/logging/log4j/log4j-api/2.23.1/log4j-api-2.23.1.jar:/Users/mxzhangxuejian/.m2/repository/org/slf4j/jul-to-slf4j/2.0.16/jul-to-slf4j-2.0.16.jar:/Users/mxzhangxuejian/.m2/repository/jakarta/annotation/jakarta.annotation-api/2.1.1/jakarta.annotation-api-2.1.1.jar:/Users/mxzhangxuejian/.m2/repository/org/yaml/snakeyaml/2.2/snakeyaml-2.2.jar:/Users/mxzhangxuejian/.m2/repository/org/springframework/boot/spring-boot-starter-json/3.4.0-SNAPSHOT/spring-boot-starter-json-3.4.0-SNAPSHOT.jar:/Users/mxzhangxuejian/.m2/repository/com/fasterxml/jackson/core/jackson-databind/2.17.2/jackson-databind-2.17.2.jar:/Users/mxzhangxuejian/.m2/repository/com/fasterxml/jackson/core/jackson-annotations/2.17.2/jackson-annotations-2.17.2.jar:/Users/mxzhangxuejian/.m2/repository/com/fasterxml/jackson/core/jackson-core/2.17.2/jackson-core-2.17.2.jar:/Users/mxzhangxuejian/.m2/repository/com/fasterxml/jackson/datatype/jackson-datatype-jdk8/2.17.2/jackson-datatype-jdk8-2.17.2.jar:/Users/mxzhangxuejian/.m2/repository/com/fasterxml/jackson/datatype/jackson-datatype-jsr310/2.17.2/jackson-datatype-jsr310-2.17.2.jar:/Users/mxzhangxuejian/.m2/repository/com/fasterxml/jackson/module/jackson-module-parameter-names/2.17.2/jackson-module-parameter-names-2.17.2.jar:/Users/mxzhangxuejian/.m2/repository/org/springframework/boot/spring-boot-starter-tomcat/3.4.0-SNAPSHOT/spring-boot-starter-tomcat-3.4.0-SNAPSHOT.jar:/Users/mxzhangxuejian/.m2/repository/org/apache/tomcat/embed/tomcat-embed-core/10.1.28/tomcat-embed-core-10.1.28.jar:/Users/mxzhangxuejian/.m2/repository/org/apache/tomcat/embed/tomcat-embed-el/10.1.28/tomcat-embed-el-10.1.28.jar:/Users/mxzhangxuejian/.m2/repository/org/apache/tomcat/embed/tomcat-embed-websocket/10.1.28/tomcat-embed-websocket-10.1.28.jar:/Users/mxzhangxuejian/.m2/repository/org/springframework/spring-web/6.2.0-M7/spring-web-6.2.0-M7.jar:/Users/mxzhangxuejian/.m2/repository/org/springframework/spring-beans/6.2.0-M7/spring-beans-6.2.0-M7.jar:/Users/mxzhangxuejian/.m2/repository/io/micrometer/micrometer-observation/1.14.0-M2/micrometer-observation-1.14.0-M2.jar:/Users/mxzhangxuejian/.m2/repository/io/micrometer/micrometer-commons/1.14.0-M2/micrometer-commons-1.14.0-M2.jar:/Users/mxzhangxuejian/.m2/repository/org/springframework/spring-webmvc/6.2.0-M7/spring-webmvc-6.2.0-M7.jar:/Users/mxzhangxuejian/.m2/repository/org/springframework/spring-aop/6.2.0-M7/spring-aop-6.2.0-M7.jar:/Users/mxzhangxuejian/.m2/repository/org/springframework/spring-context/6.2.0-M7/spring-context-6.2.0-M7.jar:/Users/mxzhangxuejian/.m2/repository/org/springframework/spring-expression/6.2.0-M7/spring-expression-6.2.0-M7.jar:/Users/mxzhangxuejian/.m2/repository/org/springframework/boot/spring-boot-starter-test/3.4.0-SNAPSHOT/spring-boot-starter-test-3.4.0-SNAPSHOT.jar:/Users/mxzhangxuejian/.m2/repository/org/springframework/boot/spring-boot-test/3.4.0-SNAPSHOT/spring-boot-test-3.4.0-SNAPSHOT.jar:/Users/mxzhangxuejian/.m2/repository/org/springframework/boot/spring-boot-test-autoconfigure/3.4.0-SNAPSHOT/spring-boot-test-autoconfigure-3.4.0-SNAPSHOT.jar:/Users/mxzhangxuejian/.m2/repository/com/jayway/jsonpath/json-path/2.9.0/json-path-2.9.0.jar:/Users/mxzhangxuejian/.m2/repository/org/slf4j/slf4j-api/2.0.16/slf4j-api-2.0.16.jar:/Users/mxzhangxuejian/.m2/repository/jakarta/xml/bind/jakarta.xml.bind-api/4.0.2/jakarta.xml.bind-api-4.0.2.jar:/Users/mxzhangxuejian/.m2/repository/jakarta/activation/jakarta.activation-api/2.1.3/jakarta.activation-api-2.1.3.jar:/Users/mxzhangxuejian/.m2/repository/net/minidev/json-smart/2.5.1/json-smart-2.5.1.jar:/Users/mxzhangxuejian/.m2/repository/net/minidev/accessors-smart/2.5.1/accessors-smart-2.5.1.jar:/Users/mxzhangxuejian/.m2/repository/org/ow2/asm/asm/9.6/asm-9.6.jar:/Users/mxzhangxuejian/.m2/repository/org/assertj/assertj-core/3.26.3/assertj-core-3.26.3.jar:/Users/mxzhangxuejian/.m2/repository/net/bytebuddy/byte-buddy/1.14.19/byte-buddy-1.14.19.jar:/Users/mxzhangxuejian/.m2/repository/org/awaitility/awaitility/4.2.2/awaitility-4.2.2.jar:/Users/mxzhangxuejian/.m2/repository/org/hamcrest/hamcrest/2.2/hamcrest-2.2.jar:/Users/mxzhangxuejian/.m2/repository/org/junit/jupiter/junit-jupiter/5.11.0/junit-jupiter-5.11.0.jar:/Users/mxzhangxuejian/.m2/repository/org/junit/jupiter/junit-jupiter-api/5.11.0/junit-jupiter-api-5.11.0.jar:/Users/mxzhangxuejian/.m2/repository/org/opentest4j/opentest4j/1.3.0/opentest4j-1.3.0.jar:/Users/mxzhangxuejian/.m2/repository/org/junit/platform/junit-platform-commons/1.11.0/junit-platform-commons-1.11.0.jar:/Users/mxzhangxuejian/.m2/repository/org/apiguardian/apiguardian-api/1.1.2/apiguardian-api-1.1.2.jar:/Users/mxzhangxuejian/.m2/repository/org/junit/jupiter/junit-jupiter-params/5.11.0/junit-jupiter-params-5.11.0.jar:/Users/mxzhangxuejian/.m2/repository/org/junit/jupiter/junit-jupiter-engine/5.11.0/junit-jupiter-engine-5.11.0.jar:/Users/mxzhangxuejian/.m2/repository/org/junit/platform/junit-platform-engine/1.11.0/junit-platform-engine-1.11.0.jar:/Users/mxzhangxuejian/.m2/repository/org/mockito/mockito-core/5.12.0/mockito-core-5.12.0.jar:/Users/mxzhangxuejian/.m2/repository/net/bytebuddy/byte-buddy-agent/1.14.19/byte-buddy-agent-1.14.19.jar:/Users/mxzhangxuejian/.m2/repository/org/objenesis/objenesis/3.3/objenesis-3.3.jar:/Users/mxzhangxuejian/.m2/repository/org/mockito/mockito-junit-jupiter/5.12.0/mockito-junit-jupiter-5.12.0.jar:/Users/mxzhangxuejian/.m2/repository/org/skyscreamer/jsonassert/1.5.3/jsonassert-1.5.3.jar:/Users/mxzhangxuejian/.m2/repository/com/vaadin/external/google/android-json/0.0.20131108.vaadin1/android-json-0.0.20131108.vaadin1.jar:/Users/mxzhangxuejian/.m2/repository/org/springframework/spring-core/6.2.0-M7/spring-core-6.2.0-M7.jar:/Users/mxzhangxuejian/.m2/repository/org/springframework/spring-jcl/6.2.0-M7/spring-jcl-6.2.0-M7.jar:/Users/mxzhangxuejian/.m2/repository/org/springframework/spring-test/6.2.0-M7/spring-test-6.2.0-M7.jar:/Users/mxzhangxuejian/.m2/repository/org/xmlunit/xmlunit-core/2.10.0/xmlunit-core-2.10.0.jar:/Users/mxzhangxuejian/.m2/repository/org/springframework/boot/spring-boot-starter-webflux/3.4.0-SNAPSHOT/spring-boot-starter-webflux-3.4.0-SNAPSHOT.jar:/Users/mxzhangxuejian/.m2/repository/org/springframework/boot/spring-boot-starter-reactor-netty/3.4.0-SNAPSHOT/spring-boot-starter-reactor-netty-3.4.0-SNAPSHOT.jar:/Users/mxzhangxuejian/.m2/repository/io/projectreactor/netty/reactor-netty-http/1.2.0-M5/reactor-netty-http-1.2.0-M5.jar:/Users/mxzhangxuejian/.m2/repository/io/netty/netty-codec-http/4.1.112.Final/netty-codec-http-4.1.112.Final.jar:/Users/mxzhangxuejian/.m2/repository/io/netty/netty-common/4.1.112.Final/netty-common-4.1.112.Final.jar:/Users/mxzhangxuejian/.m2/repository/io/netty/netty-buffer/4.1.112.Final/netty-buffer-4.1.112.Final.jar:/Users/mxzhangxuejian/.m2/repository/io/netty/netty-transport/4.1.112.Final/netty-transport-4.1.112.Final.jar:/Users/mxzhangxuejian/.m2/repository/io/netty/netty-codec/4.1.112.Final/netty-codec-4.1.112.Final.jar:/Users/mxzhangxuejian/.m2/repository/io/netty/netty-handler/4.1.112.Final/netty-handler-4.1.112.Final.jar:/Users/mxzhangxuejian/.m2/repository/io/netty/netty-codec-http2/4.1.112.Final/netty-codec-http2-4.1.112.Final.jar:/Users/mxzhangxuejian/.m2/repository/io/netty/netty-resolver-dns/4.1.112.Final/netty-resolver-dns-4.1.112.Final.jar:/Users/mxzhangxuejian/.m2/repository/io/netty/netty-resolver/4.1.112.Final/netty-resolver-4.1.112.Final.jar:/Users/mxzhangxuejian/.m2/repository/io/netty/netty-codec-dns/4.1.112.Final/netty-codec-dns-4.1.112.Final.jar:/Users/mxzhangxuejian/.m2/repository/io/netty/netty-resolver-dns-native-macos/4.1.112.Final/netty-resolver-dns-native-macos-4.1.112.Final-osx-x86_64.jar:/Users/mxzhangxuejian/.m2/repository/io/netty/netty-resolver-dns-classes-macos/4.1.112.Final/netty-resolver-dns-classes-macos-4.1.112.Final.jar:/Users/mxzhangxuejian/.m2/repository/io/netty/netty-transport-native-epoll/4.1.112.Final/netty-transport-native-epoll-4.1.112.Final-linux-x86_64.jar:/Users/mxzhangxuejian/.m2/repository/io/netty/netty-transport-native-unix-common/4.1.112.Final/netty-transport-native-unix-common-4.1.112.Final.jar:/Users/mxzhangxuejian/.m2/repository/io/netty/netty-transport-classes-epoll/4.1.112.Final/netty-transport-classes-epoll-4.1.112.Final.jar:/Users/mxzhangxuejian/.m2/repository/io/projectreactor/netty/reactor-netty-core/1.2.0-M5/reactor-netty-core-1.2.0-M5.jar:/Users/mxzhangxuejian/.m2/repository/io/netty/netty-handler-proxy/4.1.112.Final/netty-handler-proxy-4.1.112.Final.jar:/Users/mxzhangxuejian/.m2/repository/io/netty/netty-codec-socks/4.1.112.Final/netty-codec-socks-4.1.112.Final.jar:/Users/mxzhangxuejian/.m2/repository/org/springframework/spring-webflux/6.2.0-M7/spring-webflux-6.2.0-M7.jar:/Users/mxzhangxuejian/.m2/repository/io/projectreactor/reactor-core/3.7.0-M5/reactor-core-3.7.0-M5.jar:/Users/mxzhangxuejian/.m2/repository/org/reactivestreams/reactive-streams/1.0.4/reactive-streams-1.0.4.jar:"/>
    <property name="java.vm.vendor" value="Oracle Corporation"/>
    <property name="sun.arch.data.model" value="64"/>
    <property name="java.vendor.url" value="https://java.oracle.com/"/>
    <property name="user.timezone" value="Asia/Shanghai"/>
    <property name="os.name" value="Mac OS X"/>
    <property name="java.vm.specification.version" value="22"/>
    <property name="APPLICATION_NAME" value="spring-helloworld"/>
    <property name="sun.java.launcher" value="SUN_STANDARD"/>
    <property name="user.country" value="CN"/>
    <property name="sun.boot.library.path" value="/Users/mxzhangxuejian/Library/Java/JavaVirtualMachines/openjdk-22.0.2/Contents/Home/lib"/>
    <property name="sun.java.command" value="/Users/mxzhangxuejian/code/personal/spring-helloworld/target/surefire/surefirebooter-20240826045257268_3.jar /Users/mxzhangxuejian/code/personal/spring-helloworld/target/surefire 2024-08-26T04-52-57_236-jvmRun1 surefire-20240826045257268_1tmp surefire_0-20240826045257268_2tmp"/>
    <property name="jdk.debug" value="release"/>
    <property name="surefire.test.class.path" value="/Users/mxzhangxuejian/code/personal/spring-helloworld/target/test-classes:/Users/mxzhangxuejian/code/personal/spring-helloworld/target/classes:/Users/mxzhangxuejian/.m2/repository/org/springframework/boot/spring-boot-starter-web/3.4.0-SNAPSHOT/spring-boot-starter-web-3.4.0-SNAPSHOT.jar:/Users/mxzhangxuejian/.m2/repository/org/springframework/boot/spring-boot-starter/3.4.0-SNAPSHOT/spring-boot-starter-3.4.0-SNAPSHOT.jar:/Users/mxzhangxuejian/.m2/repository/org/springframework/boot/spring-boot/3.4.0-SNAPSHOT/spring-boot-3.4.0-SNAPSHOT.jar:/Users/mxzhangxuejian/.m2/repository/org/springframework/boot/spring-boot-autoconfigure/3.4.0-SNAPSHOT/spring-boot-autoconfigure-3.4.0-SNAPSHOT.jar:/Users/mxzhangxuejian/.m2/repository/org/springframework/boot/spring-boot-starter-logging/3.4.0-SNAPSHOT/spring-boot-starter-logging-3.4.0-SNAPSHOT.jar:/Users/mxzhangxuejian/.m2/repository/ch/qos/logback/logback-classic/1.5.7/logback-classic-1.5.7.jar:/Users/mxzhangxuejian/.m2/repository/ch/qos/logback/logback-core/1.5.7/logback-core-1.5.7.jar:/Users/mxzhangxuejian/.m2/repository/org/apache/logging/log4j/log4j-to-slf4j/2.23.1/log4j-to-slf4j-2.23.1.jar:/Users/mxzhangxuejian/.m2/repository/org/apache/logging/log4j/log4j-api/2.23.1/log4j-api-2.23.1.jar:/Users/mxzhangxuejian/.m2/repository/org/slf4j/jul-to-slf4j/2.0.16/jul-to-slf4j-2.0.16.jar:/Users/mxzhangxuejian/.m2/repository/jakarta/annotation/jakarta.annotation-api/2.1.1/jakarta.annotation-api-2.1.1.jar:/Users/mxzhangxuejian/.m2/repository/org/yaml/snakeyaml/2.2/snakeyaml-2.2.jar:/Users/mxzhangxuejian/.m2/repository/org/springframework/boot/spring-boot-starter-json/3.4.0-SNAPSHOT/spring-boot-starter-json-3.4.0-SNAPSHOT.jar:/Users/mxzhangxuejian/.m2/repository/com/fasterxml/jackson/core/jackson-databind/2.17.2/jackson-databind-2.17.2.jar:/Users/mxzhangxuejian/.m2/repository/com/fasterxml/jackson/core/jackson-annotations/2.17.2/jackson-annotations-2.17.2.jar:/Users/mxzhangxuejian/.m2/repository/com/fasterxml/jackson/core/jackson-core/2.17.2/jackson-core-2.17.2.jar:/Users/mxzhangxuejian/.m2/repository/com/fasterxml/jackson/datatype/jackson-datatype-jdk8/2.17.2/jackson-datatype-jdk8-2.17.2.jar:/Users/mxzhangxuejian/.m2/repository/com/fasterxml/jackson/datatype/jackson-datatype-jsr310/2.17.2/jackson-datatype-jsr310-2.17.2.jar:/Users/mxzhangxuejian/.m2/repository/com/fasterxml/jackson/module/jackson-module-parameter-names/2.17.2/jackson-module-parameter-names-2.17.2.jar:/Users/mxzhangxuejian/.m2/repository/org/springframework/boot/spring-boot-starter-tomcat/3.4.0-SNAPSHOT/spring-boot-starter-tomcat-3.4.0-SNAPSHOT.jar:/Users/mxzhangxuejian/.m2/repository/org/apache/tomcat/embed/tomcat-embed-core/10.1.28/tomcat-embed-core-10.1.28.jar:/Users/mxzhangxuejian/.m2/repository/org/apache/tomcat/embed/tomcat-embed-el/10.1.28/tomcat-embed-el-10.1.28.jar:/Users/mxzhangxuejian/.m2/repository/org/apache/tomcat/embed/tomcat-embed-websocket/10.1.28/tomcat-embed-websocket-10.1.28.jar:/Users/mxzhangxuejian/.m2/repository/org/springframework/spring-web/6.2.0-M7/spring-web-6.2.0-M7.jar:/Users/mxzhangxuejian/.m2/repository/org/springframework/spring-beans/6.2.0-M7/spring-beans-6.2.0-M7.jar:/Users/mxzhangxuejian/.m2/repository/io/micrometer/micrometer-observation/1.14.0-M2/micrometer-observation-1.14.0-M2.jar:/Users/mxzhangxuejian/.m2/repository/io/micrometer/micrometer-commons/1.14.0-M2/micrometer-commons-1.14.0-M2.jar:/Users/mxzhangxuejian/.m2/repository/org/springframework/spring-webmvc/6.2.0-M7/spring-webmvc-6.2.0-M7.jar:/Users/mxzhangxuejian/.m2/repository/org/springframework/spring-aop/6.2.0-M7/spring-aop-6.2.0-M7.jar:/Users/mxzhangxuejian/.m2/repository/org/springframework/spring-context/6.2.0-M7/spring-context-6.2.0-M7.jar:/Users/mxzhangxuejian/.m2/repository/org/springframework/spring-expression/6.2.0-M7/spring-expression-6.2.0-M7.jar:/Users/mxzhangxuejian/.m2/repository/org/springframework/boot/spring-boot-starter-test/3.4.0-SNAPSHOT/spring-boot-starter-test-3.4.0-SNAPSHOT.jar:/Users/mxzhangxuejian/.m2/repository/org/springframework/boot/spring-boot-test/3.4.0-SNAPSHOT/spring-boot-test-3.4.0-SNAPSHOT.jar:/Users/mxzhangxuejian/.m2/repository/org/springframework/boot/spring-boot-test-autoconfigure/3.4.0-SNAPSHOT/spring-boot-test-autoconfigure-3.4.0-SNAPSHOT.jar:/Users/mxzhangxuejian/.m2/repository/com/jayway/jsonpath/json-path/2.9.0/json-path-2.9.0.jar:/Users/mxzhangxuejian/.m2/repository/org/slf4j/slf4j-api/2.0.16/slf4j-api-2.0.16.jar:/Users/mxzhangxuejian/.m2/repository/jakarta/xml/bind/jakarta.xml.bind-api/4.0.2/jakarta.xml.bind-api-4.0.2.jar:/Users/mxzhangxuejian/.m2/repository/jakarta/activation/jakarta.activation-api/2.1.3/jakarta.activation-api-2.1.3.jar:/Users/mxzhangxuejian/.m2/repository/net/minidev/json-smart/2.5.1/json-smart-2.5.1.jar:/Users/mxzhangxuejian/.m2/repository/net/minidev/accessors-smart/2.5.1/accessors-smart-2.5.1.jar:/Users/mxzhangxuejian/.m2/repository/org/ow2/asm/asm/9.6/asm-9.6.jar:/Users/mxzhangxuejian/.m2/repository/org/assertj/assertj-core/3.26.3/assertj-core-3.26.3.jar:/Users/mxzhangxuejian/.m2/repository/net/bytebuddy/byte-buddy/1.14.19/byte-buddy-1.14.19.jar:/Users/mxzhangxuejian/.m2/repository/org/awaitility/awaitility/4.2.2/awaitility-4.2.2.jar:/Users/mxzhangxuejian/.m2/repository/org/hamcrest/hamcrest/2.2/hamcrest-2.2.jar:/Users/mxzhangxuejian/.m2/repository/org/junit/jupiter/junit-jupiter/5.11.0/junit-jupiter-5.11.0.jar:/Users/mxzhangxuejian/.m2/repository/org/junit/jupiter/junit-jupiter-api/5.11.0/junit-jupiter-api-5.11.0.jar:/Users/mxzhangxuejian/.m2/repository/org/opentest4j/opentest4j/1.3.0/opentest4j-1.3.0.jar:/Users/mxzhangxuejian/.m2/repository/org/junit/platform/junit-platform-commons/1.11.0/junit-platform-commons-1.11.0.jar:/Users/mxzhangxuejian/.m2/repository/org/apiguardian/apiguardian-api/1.1.2/apiguardian-api-1.1.2.jar:/Users/mxzhangxuejian/.m2/repository/org/junit/jupiter/junit-jupiter-params/5.11.0/junit-jupiter-params-5.11.0.jar:/Users/mxzhangxuejian/.m2/repository/org/junit/jupiter/junit-jupiter-engine/5.11.0/junit-jupiter-engine-5.11.0.jar:/Users/mxzhangxuejian/.m2/repository/org/junit/platform/junit-platform-engine/1.11.0/junit-platform-engine-1.11.0.jar:/Users/mxzhangxuejian/.m2/repository/org/mockito/mockito-core/5.12.0/mockito-core-5.12.0.jar:/Users/mxzhangxuejian/.m2/repository/net/bytebuddy/byte-buddy-agent/1.14.19/byte-buddy-agent-1.14.19.jar:/Users/mxzhangxuejian/.m2/repository/org/objenesis/objenesis/3.3/objenesis-3.3.jar:/Users/mxzhangxuejian/.m2/repository/org/mockito/mockito-junit-jupiter/5.12.0/mockito-junit-jupiter-5.12.0.jar:/Users/mxzhangxuejian/.m2/repository/org/skyscreamer/jsonassert/1.5.3/jsonassert-1.5.3.jar:/Users/mxzhangxuejian/.m2/repository/com/vaadin/external/google/android-json/0.0.20131108.vaadin1/android-json-0.0.20131108.vaadin1.jar:/Users/mxzhangxuejian/.m2/repository/org/springframework/spring-core/6.2.0-M7/spring-core-6.2.0-M7.jar:/Users/mxzhangxuejian/.m2/repository/org/springframework/spring-jcl/6.2.0-M7/spring-jcl-6.2.0-M7.jar:/Users/mxzhangxuejian/.m2/repository/org/springframework/spring-test/6.2.0-M7/spring-test-6.2.0-M7.jar:/Users/mxzhangxuejian/.m2/repository/org/xmlunit/xmlunit-core/2.10.0/xmlunit-core-2.10.0.jar:/Users/mxzhangxuejian/.m2/repository/org/springframework/boot/spring-boot-starter-webflux/3.4.0-SNAPSHOT/spring-boot-starter-webflux-3.4.0-SNAPSHOT.jar:/Users/mxzhangxuejian/.m2/repository/org/springframework/boot/spring-boot-starter-reactor-netty/3.4.0-SNAPSHOT/spring-boot-starter-reactor-netty-3.4.0-SNAPSHOT.jar:/Users/mxzhangxuejian/.m2/repository/io/projectreactor/netty/reactor-netty-http/1.2.0-M5/reactor-netty-http-1.2.0-M5.jar:/Users/mxzhangxuejian/.m2/repository/io/netty/netty-codec-http/4.1.112.Final/netty-codec-http-4.1.112.Final.jar:/Users/mxzhangxuejian/.m2/repository/io/netty/netty-common/4.1.112.Final/netty-common-4.1.112.Final.jar:/Users/mxzhangxuejian/.m2/repository/io/netty/netty-buffer/4.1.112.Final/netty-buffer-4.1.112.Final.jar:/Users/mxzhangxuejian/.m2/repository/io/netty/netty-transport/4.1.112.Final/netty-transport-4.1.112.Final.jar:/Users/mxzhangxuejian/.m2/repository/io/netty/netty-codec/4.1.112.Final/netty-codec-4.1.112.Final.jar:/Users/mxzhangxuejian/.m2/repository/io/netty/netty-handler/4.1.112.Final/netty-handler-4.1.112.Final.jar:/Users/mxzhangxuejian/.m2/repository/io/netty/netty-codec-http2/4.1.112.Final/netty-codec-http2-4.1.112.Final.jar:/Users/mxzhangxuejian/.m2/repository/io/netty/netty-resolver-dns/4.1.112.Final/netty-resolver-dns-4.1.112.Final.jar:/Users/mxzhangxuejian/.m2/repository/io/netty/netty-resolver/4.1.112.Final/netty-resolver-4.1.112.Final.jar:/Users/mxzhangxuejian/.m2/repository/io/netty/netty-codec-dns/4.1.112.Final/netty-codec-dns-4.1.112.Final.jar:/Users/mxzhangxuejian/.m2/repository/io/netty/netty-resolver-dns-native-macos/4.1.112.Final/netty-resolver-dns-native-macos-4.1.112.Final-osx-x86_64.jar:/Users/mxzhangxuejian/.m2/repository/io/netty/netty-resolver-dns-classes-macos/4.1.112.Final/netty-resolver-dns-classes-macos-4.1.112.Final.jar:/Users/mxzhangxuejian/.m2/repository/io/netty/netty-transport-native-epoll/4.1.112.Final/netty-transport-native-epoll-4.1.112.Final-linux-x86_64.jar:/Users/mxzhangxuejian/.m2/repository/io/netty/netty-transport-native-unix-common/4.1.112.Final/netty-transport-native-unix-common-4.1.112.Final.jar:/Users/mxzhangxuejian/.m2/repository/io/netty/netty-transport-classes-epoll/4.1.112.Final/netty-transport-classes-epoll-4.1.112.Final.jar:/Users/mxzhangxuejian/.m2/repository/io/projectreactor/netty/reactor-netty-core/1.2.0-M5/reactor-netty-core-1.2.0-M5.jar:/Users/mxzhangxuejian/.m2/repository/io/netty/netty-handler-proxy/4.1.112.Final/netty-handler-proxy-4.1.112.Final.jar:/Users/mxzhangxuejian/.m2/repository/io/netty/netty-codec-socks/4.1.112.Final/netty-codec-socks-4.1.112.Final.jar:/Users/mxzhangxuejian/.m2/repository/org/springframework/spring-webflux/6.2.0-M7/spring-webflux-6.2.0-M7.jar:/Users/mxzhangxuejian/.m2/repository/io/projectreactor/reactor-core/3.7.0-M5/reactor-core-3.7.0-M5.jar:/Users/mxzhangxuejian/.m2/repository/org/reactivestreams/reactive-streams/1.0.4/reactive-streams-1.0.4.jar:"/>
    <property name="sun.cpu.endian" value="little"/>
    <property name="user.home" value="/Users/mxzhangxuejian"/>
    <property name="user.language" value="zh"/>
    <property name="java.specification.vendor" value="Oracle Corporation"/>
    <property name="java.version.date" value="2024-07-16"/>
    <property name="java.home" value="/Users/mxzhangxuejian/Library/Java/JavaVirtualMachines/openjdk-22.0.2/Contents/Home"/>
    <property name="file.separator" value="/"/>
    <property name="basedir" value="/Users/mxzhangxuejian/code/personal/spring-helloworld"/>
    <property name="java.vm.compressedOopsMode" value="Zero based"/>
    <property name="line.separator" value="&#10;"/>
    <property name="java.vm.specification.vendor" value="Oracle Corporation"/>
    <property name="java.specification.name" value="Java Platform API Specification"/>
    <property name="FILE_LOG_CHARSET" value="UTF-8"/>
    <property name="java.awt.headless" value="true"/>
    <property name="apple.awt.application.name" value="ForkedBooter"/>
    <property name="surefire.real.class.path" value="/Users/mxzhangxuejian/code/personal/spring-helloworld/target/surefire/surefirebooter-20240826045257268_3.jar"/>
    <property name="user.script" value="Hans"/>
    <property name="sun.management.compiler" value="HotSpot 64-Bit Tiered Compilers"/>
    <property name="java.runtime.version" value="22.0.2+9-70"/>
    <property name="user.name" value="mxzhangxuejian"/>
    <property name="stdout.encoding" value="UTF-8"/>
    <property name="path.separator" value=":"/>
    <property name="os.version" value="14.6.1"/>
    <property name="java.runtime.name" value="OpenJDK Runtime Environment"/>
    <property name="file.encoding" value="UTF-8"/>
    <property name="java.vm.name" value="OpenJDK 64-Bit Server VM"/>
    <property name="localRepository" value="/Users/mxzhangxuejian/.m2/repository"/>
    <property name="java.vendor.url.bug" value="https://bugreport.java.com/bugreport/"/>
    <property name="java.io.tmpdir" value="/var/folders/xm/29kzd5vx5cq3j36b2fqm5tpc0000gp/T/"/>
    <property name="idea.version" value="2024.1.4"/>
    <property name="java.version" value="22.0.2"/>
    <property name="user.dir" value="/Users/mxzhangxuejian/code/personal/spring-helloworld"/>
    <property name="os.arch" value="aarch64"/>
    <property name="java.vm.specification.name" value="Java Virtual Machine Specification"/>
    <property name="PID" value="62340"/>
    <property name="CONSOLE_LOG_CHARSET" value="UTF-8"/>
    <property name="native.encoding" value="UTF-8"/>
    <property name="java.library.path" value="/Users/mxzhangxuejian/Library/Java/Extensions:/Library/Java/Extensions:/Network/Library/Java/Extensions:/System/Library/Java/Extensions:/usr/lib/java:."/>
    <property name="java.vm.info" value="mixed mode, sharing"/>
    <property name="stderr.encoding" value="UTF-8"/>
    <property name="java.vendor" value="Oracle Corporation"/>
    <property name="java.vm.version" value="22.0.2+9-70"/>
    <property name="sun.io.unicode.encoding" value="UnicodeBig"/>
    <property name="java.class.version" value="66.0"/>
    <property name="LOGGED_APPLICATION_NAME" value="[spring-helloworld] "/>
  </properties>
  <testcase name="contextLoads" classname="com.example.springhelloworld.SpringHelloworldApplicationTests" time="0.389">
    <system-out><![CDATA[04:52:57.574 [main] INFO org.springframework.test.context.support.AnnotationConfigContextLoaderUtils -- Could not detect default configuration classes for test class [com.example.springhelloworld.SpringHelloworldApplicationTests]: SpringHelloworldApplicationTests does not declare any static, non-private, non-final, nested classes annotated with @Configuration.
04:52:57.615 [main] INFO org.springframework.boot.test.context.SpringBootTestContextBootstrapper -- Found @SpringBootConfiguration com.example.springhelloworld.SpringHelloworldApplication for test class com.example.springhelloworld.SpringHelloworldApplicationTests

  .   ____          _            __ _ _
 /\\ / ___'_ __ _ _(_)_ __  __ _ \ \ \ \
( ( )\___ | '_ | '_| | '_ \/ _` | \ \ \ \
 \\/  ___)| |_)| | | | | || (_| |  ) ) ) )
  '  |____| .__|_| |_|_| |_\__, | / / / /
 =========|_|==============|___/=/_/_/_/

 :: Spring Boot ::       (v3.4.0-SNAPSHOT)

2024-08-26T04:52:57.800+08:00  INFO 62340 --- [spring-helloworld] [           main] c.e.s.SpringHelloworldApplicationTests   : Starting SpringHelloworldApplicationTests using Java 22.0.2 with PID 62340 (started by mxzhangxuejian in /Users/mxzhangxuejian/code/personal/spring-helloworld)
2024-08-26T04:52:57.800+08:00  INFO 62340 --- [spring-helloworld] [           main] c.e.s.SpringHelloworldApplicationTests   : No active profile set, falling back to 1 default profile: "default"
2024-08-26T04:52:58.291+08:00  INFO 62340 --- [spring-helloworld] [           main] c.e.s.SpringHelloworldApplicationTests   : Started SpringHelloworldApplicationTests in 0.621 seconds (process running for 0.987)
]]></system-out>
    <system-err><![CDATA[WARNING: A Java agent has been loaded dynamically (/Users/mxzhangxuejian/.m2/repository/net/bytebuddy/byte-buddy-agent/1.14.19/byte-buddy-agent-1.14.19.jar)
WARNING: If a serviceability tool is in use, please run with -XX:+EnableDynamicAgentLoading to hide this warning
WARNING: If a serviceability tool is not in use, please run with -Djdk.instrument.traceUsage for more information
WARNING: Dynamic loading of agents will be disallowed by default in a future release
]]></system-err>
  </testcase>
</testsuite>